<?xml version="1.0" encoding="UTF-8"?>
<!-- Generated by org.testng.reporters.JUnitReportReporter -->
<testsuite hostname="DESKTOP-AIK3MOU" failures="0" tests="3" name="practice.DataProviderPractice" time="0.075" errors="0" timestamp="2023-10-26T10:53:22 IST" skipped="0">
  <testcase classname="practice.DataProviderPractice" name="readData" time="0.012"/>
  <system-out/>
  <testcase classname="practice.DataProviderPractice" name="readData" time="0.052"/>
  <system-out/>
  <testcase classname="practice.DataProviderPractice" name="readData" time="0.011"/>
  <system-out/>
</testsuite> <!-- practice.DataProviderPractice -->
